2018-08-07 10:13:19,414 INFO  [TestCore] Pass  User is sucessfully logged in to the application  
2018-08-07 10:13:47,900 INFO  [TestCore] Pass   User has sucessfully moved to  SRP page 
2018-08-07 10:13:54,471 INFO  [TestCore] Pass    page properties have  have bhk 2 BHK Apartment,  2 BHK Apartment,  2 BHK Apartment,  2 BHK Apartment,  2 BHK Apartment,  2 BHK Apartment,  2 BHK Apartment,  2 BHK Apartment,  2 BHK Apartment,  2 BHK Apartment,  2 BHK Apartment,  2 BHK Apartment,  2 BHK Apartment,  2 BHK Apartment,  2 BHK Apartment,  2 BHK Apartment,  2 BHK Apartment,  2 BHK Apartment,  2 BHK Apartment,  2 BHK Apartment,  2 BHK Apartment,  2 BHK Apartment,  2 BHK Apartment,  2 BHK Apartment,  2 BHK Apartment,  2 BHK Apartment,  2 BHK Apartment,  2 BHK Apartment,  2 BHK Apartment,  2 BHK Apartment,  ---------- against: 2 
2018-08-07 10:13:57,040 INFO  [TestCore] Pass   properties names from page  Prateek Wisteria,  Prateek Wisteria,  Prateek Wisteria,  Prateek Wisteria,  Prateek Wisteria,  Prateek Wisteria,  Prateek Wisteria,  Prateek Wisteria,  Prateek Wisteria,  Prateek Wisteria,  Prateek Wisteria,  Prateek Wisteria,  Prateek Wisteria,  Prateek Wisteria,  Prateek Wisteria,  Prateek Wisteria,  Prateek Wisteria,  Prateek Wisteria,  Prateek Wisteria,  Prateek Wisteria,  Prateek Wisteria,  Prateek Wisteria,  Prateek Wisteria,  Prateek Wisteria,  Prateek Wisteria,  Prateek Wisteria,  Prateek Wisteria,  Prateek Wisteria,  Prateek Wisteria,  Prateek Wisteria, ------------ against: Prateek Wisteria 
2018-08-07 10:13:57,936 INFO  [TestCore] Fail price48.0 is less the given :--------- 50.0 
2018-08-07 10:13:58,871 INFO  [TestCore] pass price 65.4,  54.6,  65.0,  66.0,  55.0,  50.0,  66.0,  65.5,  58.0,  67.0,  67.0,  70.0,  48.0,  65.0,  68.0,  100.0,  66.6,  66.0,  66.0,  66.0,  65.8,  69.0,  60.0,  56.0,  54.0,  58.0,  58.0,  54.5,  56.0,  66.0,  have price above or equal:--------- 50 
2018-08-07 10:15:40,328 INFO  [TestCore] Starting Automation framework 
2018-08-07 10:17:42,248 INFO  [TestCore] Pass  User is sucessfully logged in to the application  
2018-08-07 10:18:16,950 INFO  [TestCore] Pass   User has sucessfully moved to  SRP page 
2018-08-07 10:18:28,904 INFO  [TestCore] Pass    page properties have  have bhk 2 BHK Apartment,  2 BHK Apartment,  2 BHK Apartment,  2 BHK Apartment,  2 BHK Apartment,  2 BHK Apartment,  2 BHK Apartment,  2 BHK Apartment,  2 BHK Apartment,  2 BHK Apartment,  2 BHK Apartment,  2 BHK Apartment,  2 BHK Apartment,  2 BHK Apartment,  2 BHK Apartment,  2 BHK Apartment,  2 BHK Apartment,  2 BHK Apartment,  2 BHK Apartment,  2 BHK Apartment,  2 BHK Apartment,  2 BHK Apartment,  2 BHK Apartment,  2 BHK Apartment,  2 BHK Apartment,  2 BHK Apartment,  2 BHK Apartment,  2 BHK Apartment,  2 BHK Apartment,  2 BHK Apartment,  ---------- against: 2 
2018-08-07 10:18:39,776 INFO  [TestCore] Pass   properties names from page  Prateek Wisteria,  Prateek Wisteria,  Prateek Wisteria,  Prateek Wisteria,  Prateek Wisteria,  Prateek Wisteria,  Prateek Wisteria,  Prateek Wisteria,  Prateek Wisteria,  Prateek Wisteria,  Prateek Wisteria,  Prateek Wisteria,  Prateek Wisteria,  Prateek Wisteria,  Prateek Wisteria,  Prateek Wisteria,  Prateek Wisteria,  Prateek Wisteria,  Prateek Wisteria,  Prateek Wisteria,  Prateek Wisteria,  Prateek Wisteria,  Prateek Wisteria,  Prateek Wisteria,  Prateek Wisteria,  Prateek Wisteria,  Prateek Wisteria,  Prateek Wisteria,  Prateek Wisteria,  Prateek Wisteria, ------------ against: Prateek Wisteria 
2018-08-07 10:18:49,193 INFO  [TestCore] Fail price48.0 is less the given :--------- 50.0 
2018-08-07 10:18:53,545 INFO  [TestCore] pass price 65.4,  54.6,  65.0,  66.0,  55.0,  50.0,  66.0,  65.5,  58.0,  67.0,  67.0,  70.0,  48.0,  65.0,  68.0,  100.0,  66.6,  66.0,  66.0,  66.0,  65.8,  69.0,  60.0,  56.0,  54.0,  58.0,  58.0,  54.5,  56.0,  66.0,  have price above or equal:--------- 50 
2018-08-07 10:28:17,404 INFO  [TestCore] Pass  User is sucessfully logged in to the application  
2018-08-07 10:28:41,379 INFO  [TestCore] Pass   User has sucessfully moved to  SRP page 
2018-08-07 10:28:49,364 INFO  [TestCore] Pass    page properties have  have bhk 2 BHK Apartment,  2 BHK Apartment,  2 BHK Apartment,  2 BHK Apartment,  2 BHK Apartment,  2 BHK Apartment,  2 BHK Apartment,  2 BHK Apartment,  2 BHK Apartment,  2 BHK Apartment,  2 BHK Apartment,  2 BHK Apartment,  2 BHK Apartment,  2 BHK Apartment,  2 BHK Apartment,  2 BHK Apartment,  2 BHK Apartment,  2 BHK Apartment,  2 BHK Apartment,  2 BHK Apartment,  2 BHK Apartment,  2 BHK Apartment,  2 BHK Apartment,  2 BHK Apartment,  2 BHK Apartment,  2 BHK Apartment,  2 BHK Apartment,  2 BHK Apartment,  2 BHK Apartment,  2 BHK Apartment,  ---------- against: 2 
2018-08-07 10:28:54,908 INFO  [TestCore] Pass   properties names from page  Prateek Wisteria,  Prateek Wisteria,  Prateek Wisteria,  Prateek Wisteria,  Prateek Wisteria,  Prateek Wisteria,  Prateek Wisteria,  Prateek Wisteria,  Prateek Wisteria,  Prateek Wisteria,  Prateek Wisteria,  Prateek Wisteria,  Prateek Wisteria,  Prateek Wisteria,  Prateek Wisteria,  Prateek Wisteria,  Prateek Wisteria,  Prateek Wisteria,  Prateek Wisteria,  Prateek Wisteria,  Prateek Wisteria,  Prateek Wisteria,  Prateek Wisteria,  Prateek Wisteria,  Prateek Wisteria,  Prateek Wisteria,  Prateek Wisteria,  Prateek Wisteria,  Prateek Wisteria,  Prateek Wisteria, ------------ against: Prateek Wisteria 
2018-08-07 10:28:57,198 INFO  [TestCore] Fail price48.0 is less the given :--------- 50.0 
2018-08-07 10:29:00,155 INFO  [TestCore] pass price 65.4,  54.6,  65.0,  66.0,  55.0,  50.0,  66.0,  65.5,  58.0,  67.0,  67.0,  70.0,  48.0,  65.0,  68.0,  100.0,  66.6,  66.0,  66.0,  66.0,  65.8,  69.0,  60.0,  56.0,  54.0,  58.0,  58.0,  54.5,  56.0,  66.0,  have price above or equal:--------- 50 
2018-08-08 16:00:32,346 INFO  [TestCore] Pass  User is sucessfully logged in to the application  
2018-08-08 16:01:16,400 INFO  [TestCore] Pass   User has sucessfully moved to  SRP page 
2018-08-08 16:01:28,036 INFO  [TestCore] Pass    page properties have  have bhk 2 BHK Apartment,  2 BHK Apartment,  2 BHK Apartment,  2 BHK Apartment,  2 BHK Apartment,  2 BHK Apartment,  2 BHK Apartment,  2 BHK Apartment,  2 BHK Apartment,  2 BHK Apartment,  2 BHK Apartment,  2 BHK Apartment,  2 BHK Apartment,  2 BHK Apartment,  2 BHK Apartment,  2 BHK Apartment,  2 BHK Apartment,  2 BHK Apartment,  2 BHK Apartment,  2 BHK Apartment,  2 BHK Apartment,  2 BHK Apartment,  2 BHK Apartment,  2 BHK Apartment,  2 BHK Apartment,  2 BHK Apartment,  2 BHK Apartment,  2 BHK Apartment,  2 BHK Apartment,  2 BHK Apartment,  ---------- against: 2 
2018-08-08 16:01:33,294 INFO  [TestCore] Pass   properties names from page  Prateek Wisteria,  Prateek Wisteria,  Prateek Wisteria,  Prateek Wisteria,  Prateek Wisteria,  Prateek Wisteria,  Prateek Wisteria,  Prateek Wisteria,  Prateek Wisteria,  Prateek Wisteria,  Prateek Wisteria,  Prateek Wisteria,  Prateek Wisteria,  Prateek Wisteria,  Prateek Wisteria,  Prateek Wisteria,  Prateek Wisteria,  Prateek Wisteria,  Prateek Wisteria,  Prateek Wisteria,  Prateek Wisteria,  Prateek Wisteria,  Prateek Wisteria,  Prateek Wisteria,  Prateek Wisteria,  Prateek Wisteria,  Prateek Wisteria,  Prateek Wisteria,  Prateek Wisteria,  Prateek Wisteria, ------------ against: Prateek Wisteria 
2018-08-08 16:01:41,104 INFO  [TestCore] Fail price48.0 is less the given :--------- 50.0 
2018-08-08 16:01:45,354 INFO  [TestCore] pass price 65.4,  54.6,  55.0,  65.0,  66.0,  50.0,  66.0,  65.5,  58.0,  67.0,  67.0,  70.0,  48.0,  65.0,  68.0,  100.0,  66.6,  66.0,  66.0,  66.0,  65.8,  69.0,  60.0,  56.0,  54.0,  58.0,  58.0,  54.5,  56.0,  66.0,  have price above or equal:--------- 50 
2018-08-08 16:02:36,237 INFO  [TestCore] Pass  User is sucessfully logged in to the application  
2018-08-08 16:03:27,010 INFO  [TestCore] Pass   User has sucessfully moved to  SRP page 
2018-08-08 16:03:44,722 INFO  [TestCore] Pass    page properties have  have bhk 2 BHK Apartment,  2 BHK Apartment,  2 BHK Apartment,  2 BHK Apartment,  2 BHK Apartment,  2 BHK Apartment,  2 BHK Apartment,  2 BHK Apartment,  2 BHK Apartment,  2 BHK Apartment,  2 BHK Apartment,  2 BHK Apartment,  2 BHK Apartment,  2 BHK Apartment,  2 BHK Apartment,  2 BHK Apartment,  2 BHK Apartment,  2 BHK Apartment,  2 BHK Apartment,  2 BHK Apartment,  2 BHK Apartment,  2 BHK Apartment,  2 BHK Apartment,  2 BHK Apartment,  2 BHK Apartment,  2 BHK Apartment,  2 BHK Apartment,  2 BHK Apartment,  2 BHK Apartment,  2 BHK Apartment,  ---------- against: 2 
2018-08-08 16:03:49,870 INFO  [TestCore] Pass   properties names from page  Prateek Wisteria,  Prateek Wisteria,  Prateek Wisteria,  Prateek Wisteria,  Prateek Wisteria,  Prateek Wisteria,  Prateek Wisteria,  Prateek Wisteria,  Prateek Wisteria,  Prateek Wisteria,  Prateek Wisteria,  Prateek Wisteria,  Prateek Wisteria,  Prateek Wisteria,  Prateek Wisteria,  Prateek Wisteria,  Prateek Wisteria,  Prateek Wisteria,  Prateek Wisteria,  Prateek Wisteria,  Prateek Wisteria,  Prateek Wisteria,  Prateek Wisteria,  Prateek Wisteria,  Prateek Wisteria,  Prateek Wisteria,  Prateek Wisteria,  Prateek Wisteria,  Prateek Wisteria,  Prateek Wisteria, ------------ against: Prateek Wisteria 
2018-08-08 16:03:52,304 INFO  [TestCore] Fail price48.0 is less the given :--------- 50.0 
2018-08-08 16:03:55,306 INFO  [TestCore] pass price 65.4,  54.6,  55.0,  65.0,  66.0,  50.0,  66.0,  65.5,  58.0,  67.0,  67.0,  70.0,  48.0,  65.0,  68.0,  100.0,  66.6,  66.0,  66.0,  66.0,  65.8,  69.0,  60.0,  56.0,  54.0,  58.0,  58.0,  54.5,  56.0,  66.0,  have price above or equal:--------- 50 
2018-08-20 13:24:44,728 INFO  [TestCore] Pass  User is sucessfully logged in to the application  
2018-08-20 13:41:54,167 INFO  [TestCore] Pass  User is sucessfully logged in to the application  
2018-08-20 13:42:31,145 INFO  [TestCore] Pass   User has sucessfully moved to  SRP page 
2018-08-20 13:42:34,203 INFO  [TestCore] Pass    page properties have  have bhk 2 BHK Apartment,  2 BHK Apartment,  2 BHK Apartment,  2 BHK Apartment,  2 BHK Apartment,  2 BHK Apartment,  2 BHK Apartment,  2 BHK Apartment,  2 BHK Apartment,  2 BHK Apartment,  2 BHK Apartment,  2 BHK Apartment,  2 BHK Apartment,  2 BHK Apartment,  2 BHK Apartment,  2 BHK Apartment,  2 BHK Apartment,  2 BHK Apartment,  2 BHK Apartment,  2 BHK Apartment,  2 BHK Apartment,  2 BHK Apartment,  2 BHK Apartment,  2 BHK Apartment,  2 BHK Apartment,  2 BHK Apartment,  2 BHK Apartment,  2 BHK Apartment,  2 BHK Apartment,  2 BHK Apartment,  ---------- against: 2 
2018-08-20 13:42:36,171 INFO  [TestCore] Pass   properties names from page  Prateek Wisteria,  Prateek Wisteria,  Prateek Wisteria,  Prateek Wisteria,  Prateek Wisteria,  Prateek Wisteria,  Prateek Wisteria,  Prateek Wisteria,  Prateek Wisteria,  Prateek Wisteria,  Prateek Wisteria,  Prateek Wisteria,  Prateek Wisteria,  Prateek Wisteria,  Prateek Wisteria,  Prateek Wisteria,  Prateek Wisteria,  Prateek Wisteria,  Prateek Wisteria,  Prateek Wisteria,  Prateek Wisteria,  Prateek Wisteria,  Prateek Wisteria,  Prateek Wisteria,  Prateek Wisteria,  Prateek Wisteria,  Prateek Wisteria,  Prateek Wisteria,  Prateek Wisteria,  Prateek Wisteria, ------------ against: Prateek Wisteria 
2018-08-20 13:42:38,159 INFO  [TestCore] pass price 65.4,  65.0,  65.5,  55.0,  66.0,  50.0,  66.0,  67.0,  69.0,  58.0,  70.0,  65.0,  60.0,  68.0,  58.0,  59.0,  100.0,  66.0,  66.0,  58.0,  65.8,  67.0,  54.6,  66.0,  66.0,  65.6,  57.0,  54.0,  54.5,  have price above or equal:--------- 50 
2018-08-20 13:48:43,931 INFO  [TestCore] Pass  User is sucessfully logged in to the application  
2018-08-20 13:49:13,523 INFO  [TestCore] Pass   User has sucessfully moved to  SRP page 
2018-08-20 13:49:21,214 INFO  [TestCore] Pass    page properties have  have bhk 2 BHK Apartment,  2 BHK Apartment,  2 BHK Apartment,  2 BHK Apartment,  2 BHK Apartment,  2 BHK Apartment,  2 BHK Apartment,  2 BHK Apartment,  2 BHK Apartment,  2 BHK Apartment,  2 BHK Apartment,  2 BHK Apartment,  2 BHK Apartment,  2 BHK Apartment,  2 BHK Apartment,  2 BHK Apartment,  2 BHK Apartment,  2 BHK Apartment,  2 BHK Apartment,  2 BHK Apartment,  2 BHK Apartment,  2 BHK Apartment,  2 BHK Apartment,  2 BHK Apartment,  2 BHK Apartment,  2 BHK Apartment,  2 BHK Apartment,  2 BHK Apartment,  2 BHK Apartment,  2 BHK Apartment,  ---------- against: 2 
2018-08-20 13:49:32,572 INFO  [TestCore] Pass   properties names from page  Prateek Wisteria,  Prateek Wisteria,  Prateek Wisteria,  Prateek Wisteria,  Prateek Wisteria,  Prateek Wisteria,  Prateek Wisteria,  Prateek Wisteria,  Prateek Wisteria,  Prateek Wisteria,  Prateek Wisteria,  Prateek Wisteria,  Prateek Wisteria,  Prateek Wisteria,  Prateek Wisteria,  Prateek Wisteria,  Prateek Wisteria,  Prateek Wisteria,  Prateek Wisteria,  Prateek Wisteria,  Prateek Wisteria,  Prateek Wisteria,  Prateek Wisteria,  Prateek Wisteria,  Prateek Wisteria,  Prateek Wisteria,  Prateek Wisteria,  Prateek Wisteria,  Prateek Wisteria,  Prateek Wisteria, ------------ against: Prateek Wisteria 
2018-08-20 13:49:38,600 INFO  [TestCore] pass price 65.4,  65.0,  65.5,  55.0,  66.0,  50.0,  66.0,  67.0,  69.0,  58.0,  70.0,  65.0,  60.0,  68.0,  58.0,  59.0,  100.0,  66.0,  66.0,  58.0,  65.8,  67.0,  54.6,  66.0,  66.0,  65.6,  57.0,  54.0,  54.5,  have price above or equal:--------- 50 
2018-08-20 13:52:14,778 INFO  [TestCore] Pass  User is sucessfully logged in to the application  
2018-08-20 13:52:44,656 INFO  [TestCore] Pass   User has sucessfully moved to  SRP page 
2018-08-20 13:52:55,801 INFO  [TestCore] Pass    page properties have  have bhk 2 BHK Apartment,  2 BHK Apartment,  2 BHK Apartment,  2 BHK Apartment,  2 BHK Apartment,  2 BHK Apartment,  2 BHK Apartment,  2 BHK Apartment,  2 BHK Apartment,  2 BHK Apartment,  2 BHK Apartment,  2 BHK Apartment,  2 BHK Apartment,  2 BHK Apartment,  2 BHK Apartment,  2 BHK Apartment,  2 BHK Apartment,  2 BHK Apartment,  2 BHK Apartment,  2 BHK Apartment,  2 BHK Apartment,  2 BHK Apartment,  2 BHK Apartment,  2 BHK Apartment,  2 BHK Apartment,  2 BHK Apartment,  2 BHK Apartment,  2 BHK Apartment,  2 BHK Apartment,  2 BHK Apartment,  ---------- against: 2 
2018-08-20 13:53:04,105 INFO  [TestCore] Pass   properties names from page  Prateek Wisteria,  Prateek Wisteria,  Prateek Wisteria,  Prateek Wisteria,  Prateek Wisteria,  Prateek Wisteria,  Prateek Wisteria,  Prateek Wisteria,  Prateek Wisteria,  Prateek Wisteria,  Prateek Wisteria,  Prateek Wisteria,  Prateek Wisteria,  Prateek Wisteria,  Prateek Wisteria,  Prateek Wisteria,  Prateek Wisteria,  Prateek Wisteria,  Prateek Wisteria,  Prateek Wisteria,  Prateek Wisteria,  Prateek Wisteria,  Prateek Wisteria,  Prateek Wisteria,  Prateek Wisteria,  Prateek Wisteria,  Prateek Wisteria,  Prateek Wisteria,  Prateek Wisteria,  Prateek Wisteria, ------------ against: Prateek Wisteria 
2018-08-20 13:53:10,193 INFO  [TestCore] pass price 65.4,  65.0,  65.5,  55.0,  66.0,  50.0,  66.0,  67.0,  69.0,  58.0,  70.0,  65.0,  60.0,  68.0,  58.0,  59.0,  100.0,  66.0,  66.0,  58.0,  65.8,  67.0,  54.6,  66.0,  66.0,  65.6,  57.0,  54.0,  54.5,  have price above or equal:--------- 50 
2018-08-20 14:09:14,301 INFO  [TestCore] Pass  User is sucessfully logged in to the application  
2018-08-20 14:09:43,088 INFO  [TestCore] Pass   User has sucessfully moved to  SRP page 
2018-08-20 14:09:56,405 INFO  [TestCore] Pass    page properties have  have bhk 2 BHK Apartment,  2 BHK Apartment,  2 BHK Apartment,  2 BHK Apartment,  2 BHK Apartment,  2 BHK Apartment,  2 BHK Apartment,  2 BHK Apartment,  2 BHK Apartment,  2 BHK Apartment,  2 BHK Apartment,  2 BHK Apartment,  2 BHK Apartment,  2 BHK Apartment,  2 BHK Apartment,  2 BHK Apartment,  2 BHK Apartment,  2 BHK Apartment,  2 BHK Apartment,  2 BHK Apartment,  2 BHK Apartment,  2 BHK Apartment,  2 BHK Apartment,  2 BHK Apartment,  2 BHK Apartment,  2 BHK Apartment,  2 BHK Apartment,  2 BHK Apartment,  2 BHK Apartment,  2 BHK Apartment,  ---------- against: 2 
2018-08-20 14:10:01,978 INFO  [TestCore] Pass   properties names from page  Prateek Wisteria,  Prateek Wisteria,  Prateek Wisteria,  Prateek Wisteria,  Prateek Wisteria,  Prateek Wisteria,  Prateek Wisteria,  Prateek Wisteria,  Prateek Wisteria,  Prateek Wisteria,  Prateek Wisteria,  Prateek Wisteria,  Prateek Wisteria,  Prateek Wisteria,  Prateek Wisteria,  Prateek Wisteria,  Prateek Wisteria,  Prateek Wisteria,  Prateek Wisteria,  Prateek Wisteria,  Prateek Wisteria,  Prateek Wisteria,  Prateek Wisteria,  Prateek Wisteria,  Prateek Wisteria,  Prateek Wisteria,  Prateek Wisteria,  Prateek Wisteria,  Prateek Wisteria,  Prateek Wisteria, ------------ against: Prateek Wisteria 
2018-08-20 14:10:13,090 INFO  [TestCore] pass price 65.4,  65.0,  65.5,  55.0,  66.0,  50.0,  66.0,  67.0,  69.0,  58.0,  70.0,  65.0,  60.0,  68.0,  58.0,  59.0,  100.0,  66.0,  66.0,  58.0,  65.8,  67.0,  54.6,  66.0,  66.0,  65.6,  57.0,  54.0,  54.5,  have price above or equal:--------- 50 
2018-08-20 14:11:32,385 INFO  [TestCore] Pass  User is sucessfully logged in to the application  
2018-08-20 14:12:13,725 INFO  [TestCore] Pass  User is sucessfully logged in to the application  
2018-08-20 14:12:39,928 INFO  [TestCore] Pass  User is sucessfully logged in to the application  
2018-08-20 14:14:04,668 INFO  [TestCore] Pass  User is sucessfully logged in to the application  
2018-08-20 17:26:17,019 INFO  [TestCore] Pass  User is sucessfully logged in to the application  
2018-08-20 17:27:39,867 INFO  [TestCore] Pass  User is sucessfully logged in to the application  
2018-08-20 17:29:14,609 INFO  [TestCore] Pass  User is sucessfully logged in to the application  
2018-08-20 17:30:54,168 INFO  [TestCore] Pass  User is sucessfully logged in to the application  
2018-08-20 17:33:33,101 INFO  [TestCore] Pass  User is sucessfully logged in to the application  
2018-08-20 17:37:39,119 INFO  [TestCore] Pass  User is sucessfully logged in to the application  
2018-08-20 17:39:27,850 INFO  [TestCore] Pass  User is sucessfully logged in to the application  
2018-08-21 10:39:31,472 INFO  [TestCore] Pass  User is sucessfully logged in to the application  
2018-08-21 10:41:27,059 INFO  [TestCore] Pass  User is sucessfully logged in to the application  
2018-08-21 10:43:49,566 INFO  [TestCore] Pass  User is sucessfully logged in to the application  
2018-08-21 11:11:14,113 INFO  [TestCore] Pass  User is sucessfully logged in to the application  
2018-08-21 11:11:41,322 INFO  [TestCore] Pass   User has sucessfully moved to  SRP page 
2018-08-21 11:12:48,501 INFO  [TestCore] Pass  User is sucessfully logged in to the application  
2018-08-21 11:13:18,597 INFO  [TestCore] Pass   User has sucessfully moved to  SRP page 
2018-08-21 11:13:33,123 INFO  [TestCore] Pass    page properties have  have bhk 2 BHK Apartment,  2 BHK Apartment,  2 BHK Apartment,  2 BHK Apartment,  2 BHK Apartment,  2 BHK Apartment,  2 BHK Apartment,  2 BHK Apartment,  2 BHK Apartment,  2 BHK Apartment,  2 BHK Apartment,  2 BHK Apartment,  2 BHK Apartment,  2 BHK Apartment,  2 BHK Apartment,  2 BHK Apartment,  2 BHK Apartment,  2 BHK Apartment,  2 BHK Apartment,  2 BHK Apartment,  2 BHK Apartment,  2 BHK Apartment,  2 BHK Apartment,  2 BHK Apartment,  2 BHK Apartment,  2 BHK Apartment,  2 BHK Apartment,  2 BHK Apartment,  2 BHK Apartment,  2 BHK Apartment,  ---------- against: 2 
2018-08-21 11:13:41,469 INFO  [TestCore] Pass   properties names from page  Prateek Wisteria,  Prateek Wisteria,  Prateek Wisteria,  Prateek Wisteria,  Prateek Wisteria,  Prateek Wisteria,  Prateek Wisteria,  Prateek Wisteria,  Prateek Wisteria,  Prateek Wisteria,  Prateek Wisteria,  Prateek Wisteria,  Prateek Wisteria,  Prateek Wisteria,  Prateek Wisteria,  Prateek Wisteria,  Prateek Wisteria,  Prateek Wisteria,  Prateek Wisteria,  Prateek Wisteria,  Prateek Wisteria,  Prateek Wisteria,  Prateek Wisteria,  Prateek Wisteria,  Prateek Wisteria,  Prateek Wisteria,  Prateek Wisteria,  Prateek Wisteria,  Prateek Wisteria,  Prateek Wisteria, ------------ against: Prateek Wisteria 
2018-08-21 11:13:49,152 INFO  [TestCore] pass price 65.4,  65.0,  55.0,  66.0,  65.5,  50.0,  66.0,  67.0,  59.0,  69.0,  58.0,  70.0,  65.0,  60.0,  68.0,  58.0,  100.0,  66.0,  66.0,  58.0,  65.8,  67.0,  54.6,  66.0,  66.0,  65.6,  57.0,  54.0,  54.5,  have price above or equal:--------- 50 
2018-08-21 11:22:28,252 INFO  [TestCore] Pass  User is sucessfully logged in to the application  
2018-08-21 11:32:37,711 INFO  [TestCore] Pass  User is sucessfully logged in to the application  
2018-08-21 11:34:36,489 INFO  [TestCore] Pass  User is sucessfully logged in to the application  
2018-08-21 11:39:05,687 INFO  [TestCore] Pass  User is sucessfully logged in to the application  
2018-08-21 11:39:48,847 INFO  [TestCore] Pass  User is sucessfully logged in to the application  
2018-08-21 11:42:42,478 INFO  [TestCore] Pass  User is sucessfully logged in to the application  
2018-08-21 11:45:13,942 INFO  [TestCore] Pass  User is sucessfully logged in to the application  
2018-08-21 11:55:11,313 INFO  [TestCore] Pass  User is sucessfully logged in to the application  
2018-08-21 12:09:00,082 INFO  [TestCore] Pass  User is sucessfully logged in to the application  
2018-08-21 12:10:35,219 INFO  [TestCore] Pass  User is sucessfully logged in to the application  
2018-08-21 12:11:28,338 INFO  [TestCore] Pass  User is sucessfully logged in to the application  
2018-08-21 12:12:35,651 INFO  [TestCore] Pass  User is sucessfully logged in to the application  
2018-08-21 12:13:51,873 INFO  [TestCore] Pass  User is sucessfully logged in to the application  
2018-08-21 12:16:05,513 INFO  [TestCore] Pass  User is sucessfully logged in to the application  
2018-08-21 12:18:09,517 INFO  [TestCore] Pass  User is sucessfully logged in to the application  
2018-08-21 12:20:50,132 INFO  [TestCore] Pass  User is sucessfully logged in to the application  
2018-08-21 12:22:13,139 INFO  [TestCore] Pass  User is sucessfully logged in to the application  
2018-08-21 12:22:59,274 INFO  [TestCore] Pass  User is sucessfully logged in to the application  
2018-08-21 12:23:29,862 INFO  [TestCore] Pass   User has sucessfully moved to  SRP page 
2018-08-21 12:23:42,426 INFO  [TestCore] Pass    page properties have  have bhk 2 BHK Apartment,  2 BHK Apartment,  2 BHK Apartment,  2 BHK Apartment,  2 BHK Apartment,  2 BHK Apartment,  2 BHK Apartment,  2 BHK Apartment,  2 BHK Apartment,  2 BHK Apartment,  2 BHK Apartment,  2 BHK Apartment,  2 BHK Apartment,  2 BHK Apartment,  2 BHK Apartment,  2 BHK Apartment,  2 BHK Apartment,  2 BHK Apartment,  2 BHK Apartment,  2 BHK Apartment,  2 BHK Apartment,  2 BHK Apartment,  2 BHK Apartment,  2 BHK Apartment,  2 BHK Apartment,  2 BHK Apartment,  2 BHK Apartment,  2 BHK Apartment,  2 BHK Apartment,  2 BHK Apartment,  ---------- against: 2 
2018-08-21 12:23:52,609 INFO  [TestCore] Pass   properties names from page  Prateek Wisteria,  Prateek Wisteria,  Prateek Wisteria,  Prateek Wisteria,  Prateek Wisteria,  Prateek Wisteria,  Prateek Wisteria,  Prateek Wisteria,  Prateek Wisteria,  Prateek Wisteria,  Prateek Wisteria,  Prateek Wisteria,  Prateek Wisteria,  Prateek Wisteria,  Prateek Wisteria,  Prateek Wisteria,  Prateek Wisteria,  Prateek Wisteria,  Prateek Wisteria,  Prateek Wisteria,  Prateek Wisteria,  Prateek Wisteria,  Prateek Wisteria,  Prateek Wisteria,  Prateek Wisteria,  Prateek Wisteria,  Prateek Wisteria,  Prateek Wisteria,  Prateek Wisteria,  Prateek Wisteria, ------------ against: Prateek Wisteria 
2018-08-21 12:24:02,676 INFO  [TestCore] pass price 65.4,  65.0,  55.0,  66.0,  65.5,  50.0,  66.0,  67.0,  59.0,  69.0,  58.0,  70.0,  65.0,  60.0,  68.0,  58.0,  100.0,  66.0,  66.0,  58.0,  65.8,  67.0,  54.6,  66.0,  66.0,  65.6,  57.0,  54.0,  54.5,  have price above or equal:--------- 50 
2018-08-21 12:27:37,505 INFO  [TestCore] Pass  User is sucessfully logged in to the application  
2018-08-21 12:33:04,576 INFO  [TestCore] Pass  User is sucessfully logged in to the application  
2018-08-21 12:35:12,288 INFO  [TestCore] Pass  User is sucessfully logged in to the application  
2018-08-21 12:37:49,602 INFO  [TestCore] Pass  User is sucessfully logged in to the application  
2018-08-21 12:46:55,607 INFO  [TestCore] Pass  User is sucessfully logged in to the application  
2018-08-21 12:48:30,765 INFO  [TestCore] Pass  User is sucessfully logged in to the application  
2018-08-21 12:49:04,643 INFO  [TestCore] Pass   User has sucessfully moved to  SRP page 
2018-08-21 12:49:10,562 INFO  [TestCore] Pass    page properties have  have bhk 2 BHK Apartment,  2 BHK Apartment,  2 BHK Apartment,  2 BHK Apartment,  2 BHK Apartment,  2 BHK Apartment,  2 BHK Apartment,  2 BHK Apartment,  2 BHK Apartment,  2 BHK Apartment,  2 BHK Apartment,  2 BHK Apartment,  2 BHK Apartment,  2 BHK Apartment,  2 BHK Apartment,  2 BHK Apartment,  2 BHK Apartment,  2 BHK Apartment,  2 BHK Apartment,  2 BHK Apartment,  2 BHK Apartment,  2 BHK Apartment,  2 BHK Apartment,  2 BHK Apartment,  2 BHK Apartment,  2 BHK Apartment,  2 BHK Apartment,  2 BHK Apartment,  2 BHK Apartment,  2 BHK Apartment,  ---------- against: 2 
2018-08-21 12:49:15,109 INFO  [TestCore] Pass   properties names from page  Prateek Wisteria,  Prateek Wisteria,  Prateek Wisteria,  Prateek Wisteria,  Prateek Wisteria,  Prateek Wisteria,  Prateek Wisteria,  Prateek Wisteria,  Prateek Wisteria,  Prateek Wisteria,  Prateek Wisteria,  Prateek Wisteria,  Prateek Wisteria,  Prateek Wisteria,  Prateek Wisteria,  Prateek Wisteria,  Prateek Wisteria,  Prateek Wisteria,  Prateek Wisteria,  Prateek Wisteria,  Prateek Wisteria,  Prateek Wisteria,  Prateek Wisteria,  Prateek Wisteria,  Prateek Wisteria,  Prateek Wisteria,  Prateek Wisteria,  Prateek Wisteria,  Prateek Wisteria,  Prateek Wisteria, ------------ against: Prateek Wisteria 
2018-08-21 12:49:19,270 INFO  [TestCore] pass price 65.4,  65.0,  55.0,  66.0,  65.5,  50.0,  66.0,  67.0,  59.0,  69.0,  58.0,  70.0,  65.0,  60.0,  68.0,  58.0,  100.0,  66.0,  66.0,  58.0,  65.8,  67.0,  54.6,  66.0,  66.0,  65.6,  57.0,  54.0,  54.5,  have price above or equal:--------- 50 
2018-08-21 12:51:34,661 INFO  [TestCore] Pass  User is sucessfully logged in to the application  
2018-08-21 12:52:07,143 INFO  [TestCore] Pass  User is sucessfully logged in to the application  
2018-08-21 12:52:38,971 INFO  [TestCore] Pass   User has sucessfully moved to  SRP page 
2018-08-21 12:52:50,443 INFO  [TestCore] Pass    page properties have  have bhk 2 BHK Apartment,  2 BHK Apartment,  2 BHK Apartment,  2 BHK Apartment,  2 BHK Apartment,  2 BHK Apartment,  2 BHK Apartment,  2 BHK Apartment,  2 BHK Apartment,  2 BHK Apartment,  2 BHK Apartment,  2 BHK Apartment,  2 BHK Apartment,  2 BHK Apartment,  2 BHK Apartment,  2 BHK Apartment,  2 BHK Apartment,  2 BHK Apartment,  2 BHK Apartment,  2 BHK Apartment,  2 BHK Apartment,  2 BHK Apartment,  2 BHK Apartment,  2 BHK Apartment,  2 BHK Apartment,  2 BHK Apartment,  2 BHK Apartment,  2 BHK Apartment,  2 BHK Apartment,  2 BHK Apartment,  ---------- against: 2 
2018-08-21 12:53:01,995 INFO  [TestCore] Pass   properties names from page  Prateek Wisteria,  Prateek Wisteria,  Prateek Wisteria,  Prateek Wisteria,  Prateek Wisteria,  Prateek Wisteria,  Prateek Wisteria,  Prateek Wisteria,  Prateek Wisteria,  Prateek Wisteria,  Prateek Wisteria,  Prateek Wisteria,  Prateek Wisteria,  Prateek Wisteria,  Prateek Wisteria,  Prateek Wisteria,  Prateek Wisteria,  Prateek Wisteria,  Prateek Wisteria,  Prateek Wisteria,  Prateek Wisteria,  Prateek Wisteria,  Prateek Wisteria,  Prateek Wisteria,  Prateek Wisteria,  Prateek Wisteria,  Prateek Wisteria,  Prateek Wisteria,  Prateek Wisteria,  Prateek Wisteria, ------------ against: Prateek Wisteria 
2018-08-21 12:53:11,082 INFO  [TestCore] pass price 65.4,  65.0,  55.0,  66.0,  65.5,  50.0,  66.0,  67.0,  59.0,  69.0,  58.0,  70.0,  65.0,  60.0,  68.0,  58.0,  100.0,  66.0,  66.0,  58.0,  65.8,  67.0,  54.6,  66.0,  66.0,  65.6,  57.0,  54.0,  54.5,  have price above or equal:--------- 50 
2018-08-21 13:11:33,693 INFO  [TestCore] Pass  User is sucessfully logged in to the application  
2018-08-21 13:12:52,899 INFO  [TestCore] Pass  User is sucessfully logged in to the application  
2018-08-21 13:13:43,729 INFO  [TestCore] Pass   User has sucessfully moved to  SRP page 
2018-08-21 13:13:47,968 INFO  [TestCore] Pass    page properties have  have bhk 2 BHK Apartment,  2 BHK Apartment,  2 BHK Apartment,  2 BHK Apartment,  2 BHK Apartment,  2 BHK Apartment,  2 BHK Apartment,  2 BHK Apartment,  2 BHK Apartment,  2 BHK Apartment,  2 BHK Apartment,  2 BHK Apartment,  2 BHK Apartment,  2 BHK Apartment,  2 BHK Apartment,  2 BHK Apartment,  2 BHK Apartment,  2 BHK Apartment,  2 BHK Apartment,  2 BHK Apartment,  2 BHK Apartment,  2 BHK Apartment,  2 BHK Apartment,  2 BHK Apartment,  2 BHK Apartment,  2 BHK Apartment,  2 BHK Apartment,  2 BHK Apartment,  2 BHK Apartment,  2 BHK Apartment,  ---------- against: 2 
2018-08-21 13:13:50,700 INFO  [TestCore] Pass   properties names from page  Prateek Wisteria,  Prateek Wisteria,  Prateek Wisteria,  Prateek Wisteria,  Prateek Wisteria,  Prateek Wisteria,  Prateek Wisteria,  Prateek Wisteria,  Prateek Wisteria,  Prateek Wisteria,  Prateek Wisteria,  Prateek Wisteria,  Prateek Wisteria,  Prateek Wisteria,  Prateek Wisteria,  Prateek Wisteria,  Prateek Wisteria,  Prateek Wisteria,  Prateek Wisteria,  Prateek Wisteria,  Prateek Wisteria,  Prateek Wisteria,  Prateek Wisteria,  Prateek Wisteria,  Prateek Wisteria,  Prateek Wisteria,  Prateek Wisteria,  Prateek Wisteria,  Prateek Wisteria,  Prateek Wisteria, ------------ against: Prateek Wisteria 
2018-08-21 13:13:53,265 INFO  [TestCore] pass price 65.4,  65.0,  55.0,  66.0,  65.5,  50.0,  66.0,  67.0,  59.0,  69.0,  58.0,  70.0,  65.0,  60.0,  68.0,  58.0,  100.0,  66.0,  66.0,  58.0,  65.8,  67.0,  54.6,  66.0,  66.0,  65.6,  57.0,  54.0,  54.5,  have price above or equal:--------- 50 
2018-08-21 13:15:05,041 INFO  [TestCore] Pass  User is sucessfully logged in to the application  
2018-08-21 15:21:46,989 INFO  [TestCore] Pass  User is sucessfully logged in to the application  
